<?xml version="1.0" encoding="utf-8"?><testsuites><testsuite name="pytest" errors="0" failures="0" skipped="0" tests="5" time="24.789" timestamp="2021-08-22T21:50:17.843291" hostname="DESKTOP-4AI4L48"><testcase classname="test_EndToEnd.TestOne" name="test_e2e" time="14.161" /><testcase classname="test_FormFillUp.TestFormFillUp" name="test_FormSmoke[getData0]" time="2.539" /><testcase classname="test_FormFillUp.TestFormFillUp" name="test_FormSmoke[getData1]" time="2.682" /><testcase classname="test_FormPage.TestFormPage" name="test_FormSanity[getData0]" time="2.569" /><testcase classname="test_FormPage.TestFormPage" name="test_FormSanity[getData1]" time="2.785" /></testsuite></testsuites>